<?xml version="1.0" encoding="UTF-8"?>
<!-- Generated by org.testng.reporters.JUnitXMLReporter -->
<testsuite ignored="2" hostname="NICK" failures="3" tests="3" name="Test(failed)(failed)" time="0.047" errors="0" timestamp="2023-01-08T21:35:24 IST">
  <testcase classname="TestCases1.LogPgTest" name="verifyTitleTest" time="0.009">
    <failure type="java.lang.NullPointerException">
      <![CDATA[java.lang.NullPointerException
at TestCases1.LogPgTest.verifyTitleTest(LogPgTest.java:25)
at java.base/java.util.ArrayList.forEach(ArrayList.java:1541)
... Removed 27 stack frames]]>
    </failure>
  </testcase> <!-- verifyTitleTest -->
  <testcase classname="TestCases1.LogPgTest" name="verifyloginToApp_1" time="0.002">
    <failure type="java.lang.NullPointerException">
      <![CDATA[java.lang.NullPointerException
at TestCases1.LogPgTest.verifyloginToApp_1(LogPgTest.java:34)
at java.base/java.util.ArrayList.forEach(ArrayList.java:1541)
... Removed 27 stack frames]]>
    </failure>
  </testcase> <!-- verifyloginToApp_1 -->
  <testcase classname="TestCases1.InvPageTest" name="verifyPeekLogoTest" time="0.001">
    <failure type="java.lang.NullPointerException">
      <![CDATA[java.lang.NullPointerException
at TestCases1.InvPageTest.verifyPeekLogoTest(InvPageTest.java:42)
at java.base/java.util.ArrayList.forEach(ArrayList.java:1541)
... Removed 27 stack frames]]>
    </failure>
  </testcase> <!-- verifyPeekLogoTest -->
  <testcase classname="TestCases1.InvPageTest" name="VerifyProductTest" time="0.0">
    <ignored/>
  </testcase> <!-- VerifyProductTest -->
  <testcase classname="TestCases1.LogPgTest" name="verifyLoginBtnEnabledTest" time="0.0">
    <ignored/>
  </testcase> <!-- verifyLoginBtnEnabledTest -->
</testsuite> <!-- Test(failed)(failed) -->
