<?xml version="1.0" encoding="UTF-8"?>
<!-- Generated by org.testng.reporters.JUnitXMLReporter -->
<testsuite ignored="0" hostname="NICK" failures="1" tests="5" name="Test" time="21.451" errors="0" timestamp="2023-01-10T17:21:21 IST">
  <testcase classname="TestCases1.ParallelTest" name="TestForAnyTestMethod" time="8.441">
    <failure type="java.lang.NullPointerException">
      <![CDATA[java.lang.NullPointerException
at org.openqa.selenium.support.pagefactory.DefaultElementLocator.findElement(DefaultElementLocator.java:70)
at org.openqa.selenium.support.pagefactory.internal.LocatingElementHandler.invoke(LocatingElementHandler.java:39)
at com.sun.proxy.$Proxy9.sendKeys(Unknown Source)
at Pages.LoginPage.verifyLoginBtnEnabled(LoginPage.java:95)
at TestCases1.ParallelTest.TestForAnyTestMethod(ParallelTest.java:56)
at java.base/java.util.concurrent.ThreadPoolExecutor.runWorker(ThreadPoolExecutor.java:1128)
at java.base/java.util.concurrent.ThreadPoolExecutor$Worker.run(ThreadPoolExecutor.java:628)
at java.base/java.lang.Thread.run(Thread.java:834)
... Removed 12 stack frames]]>
    </failure>
  </testcase> <!-- TestForAnyTestMethod -->
  <testcase classname="TestCases1.ParallelTest" name="Test3" time="17.098"/>
  <testcase classname="TestCases1.ParallelTest" name="Test2" time="17.257"/>
  <testcase classname="TestCases1.ParallelTest" name="Test4" time="20.146"/>
  <testcase classname="TestCases1.ParallelTest" name="Test1" time="21.398"/>
</testsuite> <!-- Test -->
