<?xml version="1.0" encoding="UTF-8"?>
<testng-results ignored="0" total="5" passed="4" failed="1" skipped="0">
  <reporter-output>
  </reporter-output>
  <suite started-at="2023-01-10T17:20:59 IST" name="Suite" finished-at="2023-01-10T17:21:21 IST" duration-ms="21451">
    <groups>
    </groups>
    <test started-at="2023-01-10T17:20:59 IST" name="Test" finished-at="2023-01-10T17:21:21 IST" duration-ms="21451">
      <class name="TestCases1.ParallelTest">
        <test-method signature="Test1()[pri:0, instance:TestCases1.ParallelTest@3e11f9e9]" started-at="2023-01-10T17:20:59 IST" name="Test1" finished-at="2023-01-10T17:21:21 IST" duration-ms="21398" status="PASS">
          <reporter-output>
          </reporter-output>
        </test-method> <!-- Test1 -->
        <test-method signature="Test2()[pri:0, instance:TestCases1.ParallelTest@3e11f9e9]" started-at="2023-01-10T17:20:59 IST" name="Test2" finished-at="2023-01-10T17:21:16 IST" duration-ms="17257" status="PASS">
          <reporter-output>
          </reporter-output>
        </test-method> <!-- Test2 -->
        <test-method signature="Test3()[pri:0, instance:TestCases1.ParallelTest@3e11f9e9]" started-at="2023-01-10T17:20:59 IST" name="Test3" finished-at="2023-01-10T17:21:16 IST" duration-ms="17098" status="PASS">
          <reporter-output>
          </reporter-output>
        </test-method> <!-- Test3 -->
        <test-method signature="Test4()[pri:0, instance:TestCases1.ParallelTest@3e11f9e9]" started-at="2023-01-10T17:20:59 IST" name="Test4" finished-at="2023-01-10T17:21:19 IST" duration-ms="20146" status="PASS">
          <reporter-output>
          </reporter-output>
        </test-method> <!-- Test4 -->
        <test-method signature="TestForAnyTestMethod()[pri:0, instance:TestCases1.ParallelTest@3e11f9e9]" started-at="2023-01-10T17:20:59 IST" name="TestForAnyTestMethod" finished-at="2023-01-10T17:21:08 IST" duration-ms="8441" status="FAIL">
          <exception class="java.lang.NullPointerException">
            <full-stacktrace>
              <![CDATA[java.lang.NullPointerException
at org.openqa.selenium.support.pagefactory.DefaultElementLocator.findElement(DefaultElementLocator.java:70)
at org.openqa.selenium.support.pagefactory.internal.LocatingElementHandler.invoke(LocatingElementHandler.java:39)
at com.sun.proxy.$Proxy9.sendKeys(Unknown Source)
at Pages.LoginPage.verifyLoginBtnEnabled(LoginPage.java:95)
at TestCases1.ParallelTest.TestForAnyTestMethod(ParallelTest.java:56)
at java.base/jdk.internal.reflect.NativeMethodAccessorImpl.invoke0(Native Method)
at java.base/jdk.internal.reflect.NativeMethodAccessorImpl.invoke(NativeMethodAccessorImpl.java:62)
at java.base/jdk.internal.reflect.DelegatingMethodAccessorImpl.invoke(DelegatingMethodAccessorImpl.java:43)
at java.base/java.lang.reflect.Method.invoke(Method.java:566)
at org.testng.internal.MethodInvocationHelper.invokeMethod(MethodInvocationHelper.java:133)
at org.testng.internal.TestInvoker.invokeMethod(TestInvoker.java:584)
at org.testng.internal.TestInvoker.invokeTestMethod(TestInvoker.java:172)
at org.testng.internal.MethodRunner.runInSequence(MethodRunner.java:46)
at org.testng.internal.TestInvoker$MethodInvocationAgent.invoke(TestInvoker.java:804)
at org.testng.internal.TestInvoker.invokeTestMethods(TestInvoker.java:145)
at org.testng.internal.TestMethodWorker.invokeTestMethods(TestMethodWorker.java:146)
at org.testng.internal.TestMethodWorker.run(TestMethodWorker.java:128)
at java.base/java.util.concurrent.ThreadPoolExecutor.runWorker(ThreadPoolExecutor.java:1128)
at java.base/java.util.concurrent.ThreadPoolExecutor$Worker.run(ThreadPoolExecutor.java:628)
at java.base/java.lang.Thread.run(Thread.java:834)
]]>
            </full-stacktrace>
          </exception> <!-- java.lang.NullPointerException -->
          <reporter-output>
          </reporter-output>
        </test-method> <!-- TestForAnyTestMethod -->
      </class> <!-- TestCases1.ParallelTest -->
    </test> <!-- Test -->
  </suite> <!-- Suite -->
</testng-results>
